<?xml version="1.0" encoding="UTF-8"?>
<testng-results ignored="0" total="2" passed="2" failed="0" skipped="0">
  <reporter-output>
    <line>
      <![CDATA[OpenBrowser]]>
    </line>
    <line>
      <![CDATA[OpenBrowser]]>
    </line>
    <line>
      <![CDATA[login]]>
    </line>
    <line>
      <![CDATA[login]]>
    </line>
    <line>
      <![CDATA[logout]]>
    </line>
    <line>
      <![CDATA[logout]]>
    </line>
    <line>
      <![CDATA[CloseBrowser]]>
    </line>
    <line>
      <![CDATA[CloseBrowser]]>
    </line>
  </reporter-output>
  <suite started-at="2023-07-28T21:58:53 IST" name="Suite" finished-at="2023-07-28T21:59:31 IST" duration-ms="38533">
    <groups>
    </groups>
    <test started-at="2023-07-28T21:58:53 IST" name="Test1" finished-at="2023-07-28T21:59:21 IST" duration-ms="28279">
      <class name="com.actitime.testscript.CustomerModule">
        <test-method is-config="true" signature="OpenBrowser(java.lang.String)[pri:0, instance:com.actitime.testscript.CustomerModule@682b2fa]" started-at="2023-07-28T21:58:53 IST" name="OpenBrowser" finished-at="2023-07-28T21:58:59 IST" duration-ms="5817" status="PASS">
          <params>
            <param index="0">
              <value>
                <![CDATA[chrome]]>
              </value>
            </param>
          </params>
          <reporter-output>
            <line>
              <![CDATA[OpenBrowser]]>
            </line>
          </reporter-output>
        </test-method> <!-- OpenBrowser -->
        <test-method is-config="true" signature="LogIn()[pri:0, instance:com.actitime.testscript.CustomerModule@682b2fa]" started-at="2023-07-28T21:58:59 IST" name="LogIn" finished-at="2023-07-28T21:59:12 IST" duration-ms="13672" status="PASS">
          <reporter-output>
            <line>
              <![CDATA[login]]>
            </line>
          </reporter-output>
        </test-method> <!-- LogIn -->
        <test-method signature="testCreateCustomer()[pri:0, instance:com.actitime.testscript.CustomerModule@682b2fa]" started-at="2023-07-28T21:59:12 IST" name="testCreateCustomer" finished-at="2023-07-28T21:59:13 IST" duration-ms="14" status="PASS">
          <reporter-output>
          </reporter-output>
        </test-method> <!-- testCreateCustomer -->
        <test-method is-config="true" signature="LogOut()[pri:0, instance:com.actitime.testscript.CustomerModule@682b2fa]" started-at="2023-07-28T21:59:13 IST" name="LogOut" finished-at="2023-07-28T21:59:21 IST" duration-ms="8243" status="PASS">
          <reporter-output>
            <line>
              <![CDATA[logout]]>
            </line>
          </reporter-output>
        </test-method> <!-- LogOut -->
        <test-method is-config="true" signature="CloseBrowser()[pri:0, instance:com.actitime.testscript.CustomerModule@682b2fa]" started-at="2023-07-28T21:59:21 IST" name="CloseBrowser" finished-at="2023-07-28T21:59:21 IST" duration-ms="453" status="PASS">
          <reporter-output>
            <line>
              <![CDATA[CloseBrowser]]>
            </line>
          </reporter-output>
        </test-method> <!-- CloseBrowser -->
      </class> <!-- com.actitime.testscript.CustomerModule -->
    </test> <!-- Test1 -->
    <test started-at="2023-07-28T21:58:53 IST" name="Test2" finished-at="2023-07-28T21:59:31 IST" duration-ms="38533">
      <class name="com.actitime.testscript.CustomerModule">
        <test-method is-config="true" signature="OpenBrowser(java.lang.String)[pri:0, instance:com.actitime.testscript.CustomerModule@247bddad]" started-at="2023-07-28T21:58:53 IST" name="OpenBrowser" finished-at="2023-07-28T21:59:03 IST" duration-ms="9548" status="PASS">
          <params>
            <param index="0">
              <value>
                <![CDATA[edge]]>
              </value>
            </param>
          </params>
          <reporter-output>
            <line>
              <![CDATA[OpenBrowser]]>
            </line>
          </reporter-output>
        </test-method> <!-- OpenBrowser -->
        <test-method is-config="true" signature="LogIn()[pri:0, instance:com.actitime.testscript.CustomerModule@247bddad]" started-at="2023-07-28T21:59:03 IST" name="LogIn" finished-at="2023-07-28T21:59:20 IST" duration-ms="17646" status="PASS">
          <reporter-output>
            <line>
              <![CDATA[login]]>
            </line>
          </reporter-output>
        </test-method> <!-- LogIn -->
        <test-method signature="testCreateCustomer()[pri:0, instance:com.actitime.testscript.CustomerModule@247bddad]" started-at="2023-07-28T21:59:20 IST" name="testCreateCustomer" finished-at="2023-07-28T21:59:20 IST" duration-ms="2" status="PASS">
          <reporter-output>
          </reporter-output>
        </test-method> <!-- testCreateCustomer -->
        <test-method is-config="true" signature="LogOut()[pri:0, instance:com.actitime.testscript.CustomerModule@247bddad]" started-at="2023-07-28T21:59:20 IST" name="LogOut" finished-at="2023-07-28T21:59:31 IST" duration-ms="10890" status="PASS">
          <reporter-output>
            <line>
              <![CDATA[logout]]>
            </line>
          </reporter-output>
        </test-method> <!-- LogOut -->
        <test-method is-config="true" signature="CloseBrowser()[pri:0, instance:com.actitime.testscript.CustomerModule@247bddad]" started-at="2023-07-28T21:59:31 IST" name="CloseBrowser" finished-at="2023-07-28T21:59:31 IST" duration-ms="387" status="PASS">
          <reporter-output>
            <line>
              <![CDATA[CloseBrowser]]>
            </line>
          </reporter-output>
        </test-method> <!-- CloseBrowser -->
      </class> <!-- com.actitime.testscript.CustomerModule -->
    </test> <!-- Test2 -->
  </suite> <!-- Suite -->
</testng-results>
